<?xml version="1.0" encoding="UTF-8"?>
<testsuite name="gson.SerializationKtTest" tests="1" skipped="0" failures="0" errors="0" timestamp="2020-03-02T05:05:24" hostname="m-c02yw1c3lvdt" time="0.052">
  <properties/>
  <testcase name="testRegisterTypeAdapter()" classname="gson.SerializationKtTest" time="0.052"/>
  <system-out><![CDATA[]]></system-out>
  <system-err><![CDATA[]]></system-err>
</testsuite>
