<?xml version="1.0" encoding="UTF-8"?>
<testsuite name="retrofit.gsonConverterTest" tests="1" skipped="0" failures="0" errors="0" timestamp="2020-03-06T03:28:42" hostname="m-c02yw1c3lvdt" time="0.054">
  <properties/>
  <testcase name="testResponseWithMissingField()" classname="retrofit.gsonConverterTest" time="0.054"/>
  <system-out><![CDATA[]]></system-out>
  <system-err><![CDATA[]]></system-err>
</testsuite>
